****                   ADMIXTURE Version 1.3.0                  ****
****                    Copyright 2008-2015                     ****
****           David Alexander, Suyash Shringarpure,            ****
****                John  Novembre, Ken Lange                   ****
****                                                            ****
****                 Please cite our paper!                     ****
****   Information at www.genetics.ucla.edu/software/admixture  ****

Cross-validation will be performed.  Folds=5.
Random seed: 43
Point estimation method: Block relaxation algorithm
Convergence acceleration algorithm: QuasiNewton, 3 secant conditions
Point estimation will terminate when objective function delta < 0.0001
Estimation of standard errors disabled; will compute point estimates only.
Size of G: 255x9921
Performing five EM steps to prime main algorithm
1 (EM) 	Elapsed: 0.744	Loglikelihood: -2.24319e+06	(delta): 963260
2 (EM) 	Elapsed: 0.742	Loglikelihood: -2.17528e+06	(delta): 67908.5
3 (EM) 	Elapsed: 0.733	Loglikelihood: -2.16037e+06	(delta): 14904.2
4 (EM) 	Elapsed: 0.769	Loglikelihood: -2.15011e+06	(delta): 10265.2
5 (EM) 	Elapsed: 0.733	Loglikelihood: -2.14033e+06	(delta): 9777.04
Initial loglikelihood: -2.14033e+06
Starting main algorithm
1 (QN/Block) 	Elapsed: 1.7	Loglikelihood: -1.82062e+06	(delta): 319708
2 (QN/Block) 	Elapsed: 1.571	Loglikelihood: -1.76916e+06	(delta): 51463.3
3 (QN/Block) 	Elapsed: 1.627	Loglikelihood: -1.75196e+06	(delta): 17199
4 (QN/Block) 	Elapsed: 1.682	Loglikelihood: -1.7432e+06	(delta): 8759.29
5 (QN/Block) 	Elapsed: 1.621	Loglikelihood: -1.73891e+06	(delta): 4289.55
6 (QN/Block) 	Elapsed: 1.555	Loglikelihood: -1.73672e+06	(delta): 2187.94
7 (QN/Block) 	Elapsed: 1.628	Loglikelihood: -1.73555e+06	(delta): 1172.76
8 (QN/Block) 	Elapsed: 1.571	Loglikelihood: -1.73467e+06	(delta): 880.896
9 (QN/Block) 	Elapsed: 1.568	Loglikelihood: -1.73396e+06	(delta): 706.574
10 (QN/Block) 	Elapsed: 1.574	Loglikelihood: -1.73323e+06	(delta): 734.146
11 (QN/Block) 	Elapsed: 1.564	Loglikelihood: -1.73235e+06	(delta): 880.111
12 (QN/Block) 	Elapsed: 1.558	Loglikelihood: -1.73164e+06	(delta): 706.259
13 (QN/Block) 	Elapsed: 1.587	Loglikelihood: -1.73111e+06	(delta): 528.431
14 (QN/Block) 	Elapsed: 1.569	Loglikelihood: -1.72983e+06	(delta): 1285.98
15 (QN/Block) 	Elapsed: 1.567	Loglikelihood: -1.72935e+06	(delta): 477.666
16 (QN/Block) 	Elapsed: 1.563	Loglikelihood: -1.72881e+06	(delta): 537.193
17 (QN/Block) 	Elapsed: 1.565	Loglikelihood: -1.72838e+06	(delta): 438.321
18 (QN/Block) 	Elapsed: 1.574	Loglikelihood: -1.72805e+06	(delta): 326.827
19 (QN/Block) 	Elapsed: 1.566	Loglikelihood: -1.72774e+06	(delta): 312.813
20 (QN/Block) 	Elapsed: 1.589	Loglikelihood: -1.72753e+06	(delta): 204.184
21 (QN/Block) 	Elapsed: 1.574	Loglikelihood: -1.72741e+06	(delta): 125.663
22 (QN/Block) 	Elapsed: 1.569	Loglikelihood: -1.72734e+06	(delta): 63.2312
23 (QN/Block) 	Elapsed: 1.564	Loglikelihood: -1.72728e+06	(delta): 67.5381
24 (QN/Block) 	Elapsed: 1.599	Loglikelihood: -1.72723e+06	(delta): 49.0697
25 (QN/Block) 	Elapsed: 1.588	Loglikelihood: -1.72721e+06	(delta): 19.2797
26 (QN/Block) 	Elapsed: 1.664	Loglikelihood: -1.72719e+06	(delta): 21.5934
27 (QN/Block) 	Elapsed: 1.556	Loglikelihood: -1.72712e+06	(delta): 65.4671
28 (QN/Block) 	Elapsed: 1.683	Loglikelihood: -1.72708e+06	(delta): 41.8205
29 (QN/Block) 	Elapsed: 1.616	Loglikelihood: -1.72705e+06	(delta): 28.3771
30 (QN/Block) 	Elapsed: 1.55	Loglikelihood: -1.72703e+06	(delta): 14.7104
31 (QN/Block) 	Elapsed: 1.56	Loglikelihood: -1.72703e+06	(delta): 8.27372
32 (QN/Block) 	Elapsed: 1.602	Loglikelihood: -1.72702e+06	(delta): 4.77226
33 (QN/Block) 	Elapsed: 1.623	Loglikelihood: -1.72701e+06	(delta): 10.8514
34 (QN/Block) 	Elapsed: 1.598	Loglikelihood: -1.72699e+06	(delta): 17.8155
35 (QN/Block) 	Elapsed: 1.726	Loglikelihood: -1.72699e+06	(delta): 7.11933
36 (QN/Block) 	Elapsed: 1.566	Loglikelihood: -1.72698e+06	(delta): 1.62908
37 (QN/Block) 	Elapsed: 1.57	Loglikelihood: -1.72698e+06	(delta): 2.28425
38 (QN/Block) 	Elapsed: 1.735	Loglikelihood: -1.72698e+06	(delta): 1.91373
39 (QN/Block) 	Elapsed: 1.628	Loglikelihood: -1.72698e+06	(delta): 1.17952
40 (QN/Block) 	Elapsed: 1.693	Loglikelihood: -1.72697e+06	(delta): 5.15101
41 (QN/Block) 	Elapsed: 1.615	Loglikelihood: -1.72697e+06	(delta): 3.07369
42 (QN/Block) 	Elapsed: 1.56	Loglikelihood: -1.72697e+06	(delta): 1.1894
43 (QN/Block) 	Elapsed: 1.581	Loglikelihood: -1.72697e+06	(delta): 1.42951
44 (QN/Block) 	Elapsed: 1.573	Loglikelihood: -1.72697e+06	(delta): 2.39007
45 (QN/Block) 	Elapsed: 1.551	Loglikelihood: -1.72696e+06	(delta): 1.858
46 (QN/Block) 	Elapsed: 1.577	Loglikelihood: -1.72696e+06	(delta): 2.01301
47 (QN/Block) 	Elapsed: 1.57	Loglikelihood: -1.72696e+06	(delta): 1.64128
48 (QN/Block) 	Elapsed: 1.564	Loglikelihood: -1.72696e+06	(delta): 0.795331
49 (QN/Block) 	Elapsed: 1.682	Loglikelihood: -1.72696e+06	(delta): 0.532629
50 (QN/Block) 	Elapsed: 1.724	Loglikelihood: -1.72696e+06	(delta): 1.14677
51 (QN/Block) 	Elapsed: 1.689	Loglikelihood: -1.72696e+06	(delta): 1.47659
52 (QN/Block) 	Elapsed: 1.581	Loglikelihood: -1.72695e+06	(delta): 2.34975
53 (QN/Block) 	Elapsed: 1.705	Loglikelihood: -1.72695e+06	(delta): 1.19177
54 (QN/Block) 	Elapsed: 1.569	Loglikelihood: -1.72695e+06	(delta): 0.623484
55 (QN/Block) 	Elapsed: 1.537	Loglikelihood: -1.72695e+06	(delta): 2.13238
56 (QN/Block) 	Elapsed: 1.595	Loglikelihood: -1.72694e+06	(delta): 7.46164
57 (QN/Block) 	Elapsed: 1.544	Loglikelihood: -1.72694e+06	(delta): 4.35172
58 (QN/Block) 	Elapsed: 1.533	Loglikelihood: -1.72693e+06	(delta): 5.83351
59 (QN/Block) 	Elapsed: 1.577	Loglikelihood: -1.72693e+06	(delta): 4.4579
60 (QN/Block) 	Elapsed: 1.837	Loglikelihood: -1.72693e+06	(delta): 2.4995
61 (QN/Block) 	Elapsed: 1.684	Loglikelihood: -1.72692e+06	(delta): 5.15007
62 (QN/Block) 	Elapsed: 1.607	Loglikelihood: -1.72692e+06	(delta): 4.4725
63 (QN/Block) 	Elapsed: 1.761	Loglikelihood: -1.72691e+06	(delta): 3.703
64 (QN/Block) 	Elapsed: 1.802	Loglikelihood: -1.72691e+06	(delta): 0.275419
65 (QN/Block) 	Elapsed: 1.661	Loglikelihood: -1.72691e+06	(delta): 0.231823
66 (QN/Block) 	Elapsed: 1.67	Loglikelihood: -1.72691e+06	(delta): 0.242583
67 (QN/Block) 	Elapsed: 1.679	Loglikelihood: -1.72691e+06	(delta): 0.450856
68 (QN/Block) 	Elapsed: 1.599	Loglikelihood: -1.72691e+06	(delta): 0.331703
69 (QN/Block) 	Elapsed: 1.713	Loglikelihood: -1.72691e+06	(delta): 0.649638
70 (QN/Block) 	Elapsed: 1.667	Loglikelihood: -1.72691e+06	(delta): 0.435955
71 (QN/Block) 	Elapsed: 1.711	Loglikelihood: -1.72691e+06	(delta): 0.575336
72 (QN/Block) 	Elapsed: 1.692	Loglikelihood: -1.72691e+06	(delta): 0.80914
73 (QN/Block) 	Elapsed: 1.679	Loglikelihood: -1.72691e+06	(delta): 1.16606
74 (QN/Block) 	Elapsed: 1.796	Loglikelihood: -1.72691e+06	(delta): 1.58437
75 (QN/Block) 	Elapsed: 1.811	Loglikelihood: -1.7269e+06	(delta): 2.27128
76 (QN/Block) 	Elapsed: 1.882	Loglikelihood: -1.7269e+06	(delta): 4.08731
77 (QN/Block) 	Elapsed: 1.716	Loglikelihood: -1.72689e+06	(delta): 6.39657
78 (QN/Block) 	Elapsed: 1.705	Loglikelihood: -1.72689e+06	(delta): 5.22762
79 (QN/Block) 	Elapsed: 1.633	Loglikelihood: -1.72689e+06	(delta): 1.30079
80 (QN/Block) 	Elapsed: 1.825	Loglikelihood: -1.72689e+06	(delta): 0.290146
81 (QN/Block) 	Elapsed: 1.673	Loglikelihood: -1.72689e+06	(delta): 0.0790322
82 (QN/Block) 	Elapsed: 1.761	Loglikelihood: -1.72689e+06	(delta): 0.0378917
83 (QN/Block) 	Elapsed: 1.652	Loglikelihood: -1.72689e+06	(delta): 0.0155785
84 (QN/Block) 	Elapsed: 1.633	Loglikelihood: -1.72689e+06	(delta): 0.00552981
85 (QN/Block) 	Elapsed: 1.71	Loglikelihood: -1.72689e+06	(delta): 0.00158272
86 (QN/Block) 	Elapsed: 1.722	Loglikelihood: -1.72689e+06	(delta): 0.00242727
87 (QN/Block) 	Elapsed: 1.709	Loglikelihood: -1.72689e+06	(delta): 0.0382788
88 (QN/Block) 	Elapsed: 1.688	Loglikelihood: -1.72689e+06	(delta): 0.175072
89 (QN/Block) 	Elapsed: 1.603	Loglikelihood: -1.72689e+06	(delta): 0.0196358
90 (QN/Block) 	Elapsed: 1.703	Loglikelihood: -1.72689e+06	(delta): 0.0148668
91 (QN/Block) 	Elapsed: 1.733	Loglikelihood: -1.72689e+06	(delta): 0.0307127
92 (QN/Block) 	Elapsed: 1.618	Loglikelihood: -1.72689e+06	(delta): 0.00482087
93 (QN/Block) 	Elapsed: 1.703	Loglikelihood: -1.72689e+06	(delta): 0.00170858
94 (QN/Block) 	Elapsed: 1.612	Loglikelihood: -1.72689e+06	(delta): 0.00145522
95 (QN/Block) 	Elapsed: 1.596	Loglikelihood: -1.72689e+06	(delta): 0.000214606
96 (QN/Block) 	Elapsed: 1.59	Loglikelihood: -1.72689e+06	(delta): 6.77013e-05
Summary: 
Converged in 96 iterations (164.512 sec)
Loglikelihood: -1726885.457188
Fst divergences between estimated populations: 
	Pop0	Pop1	Pop2	Pop3	Pop4	Pop5	Pop6	Pop7	Pop8	Pop9	Pop10	
Pop0	
Pop1	0.335	
Pop2	0.086	0.332	
Pop3	0.272	0.271	0.269	
Pop4	0.390	0.317	0.388	0.277	
Pop5	0.322	0.120	0.319	0.260	0.306	
Pop6	0.333	0.126	0.330	0.269	0.310	0.112	
Pop7	0.277	0.266	0.272	0.120	0.284	0.255	0.267	
Pop8	0.413	0.203	0.408	0.337	0.372	0.183	0.183	0.333	
Pop9	0.360	0.163	0.356	0.298	0.343	0.148	0.147	0.295	0.214	
Pop10	0.248	0.230	0.245	0.116	0.240	0.218	0.230	0.102	0.294	0.258	
Pop11	0.332	0.127	0.328	0.266	0.308	0.115	0.115	0.260	0.175	0.145	0.223	
CV error (K=12): 0.51562
Writing output files.
