****                   ADMIXTURE Version 1.3.0                  ****
****                    Copyright 2008-2015                     ****
****           David Alexander, Suyash Shringarpure,            ****
****                John  Novembre, Ken Lange                   ****
****                                                            ****
****                 Please cite our paper!                     ****
****   Information at www.genetics.ucla.edu/software/admixture  ****

Cross-validation will be performed.  Folds=5.
Random seed: 43
Point estimation method: Block relaxation algorithm
Convergence acceleration algorithm: QuasiNewton, 3 secant conditions
Point estimation will terminate when objective function delta < 0.0001
Estimation of standard errors disabled; will compute point estimates only.
Size of G: 255x9921
Performing five EM steps to prime main algorithm
1 (EM) 	Elapsed: 0.862	Loglikelihood: -2.24015e+06	(delta): 957889
2 (EM) 	Elapsed: 0.858	Loglikelihood: -2.17229e+06	(delta): 67853.3
3 (EM) 	Elapsed: 0.847	Loglikelihood: -2.15755e+06	(delta): 14741.1
4 (EM) 	Elapsed: 0.79	Loglikelihood: -2.14712e+06	(delta): 10428.9
5 (EM) 	Elapsed: 0.822	Loglikelihood: -2.13675e+06	(delta): 10377.6
Initial loglikelihood: -2.13675e+06
Starting main algorithm
1 (QN/Block) 	Elapsed: 1.767	Loglikelihood: -1.81766e+06	(delta): 319085
2 (QN/Block) 	Elapsed: 1.8	Loglikelihood: -1.76344e+06	(delta): 54225.2
3 (QN/Block) 	Elapsed: 1.799	Loglikelihood: -1.74423e+06	(delta): 19208.9
4 (QN/Block) 	Elapsed: 1.773	Loglikelihood: -1.73298e+06	(delta): 11245.2
5 (QN/Block) 	Elapsed: 1.821	Loglikelihood: -1.72693e+06	(delta): 6049.44
6 (QN/Block) 	Elapsed: 1.741	Loglikelihood: -1.72278e+06	(delta): 4152.43
7 (QN/Block) 	Elapsed: 1.748	Loglikelihood: -1.72115e+06	(delta): 1626.84
8 (QN/Block) 	Elapsed: 1.749	Loglikelihood: -1.72017e+06	(delta): 980.266
9 (QN/Block) 	Elapsed: 1.791	Loglikelihood: -1.71969e+06	(delta): 480.321
10 (QN/Block) 	Elapsed: 1.88	Loglikelihood: -1.71941e+06	(delta): 287.409
11 (QN/Block) 	Elapsed: 1.886	Loglikelihood: -1.71925e+06	(delta): 157.533
12 (QN/Block) 	Elapsed: 1.814	Loglikelihood: -1.71914e+06	(delta): 104.686
13 (QN/Block) 	Elapsed: 1.818	Loglikelihood: -1.71907e+06	(delta): 72.6437
14 (QN/Block) 	Elapsed: 1.861	Loglikelihood: -1.71901e+06	(delta): 63.1456
15 (QN/Block) 	Elapsed: 2.088	Loglikelihood: -1.71897e+06	(delta): 41.3931
16 (QN/Block) 	Elapsed: 1.858	Loglikelihood: -1.71895e+06	(delta): 16.7259
17 (QN/Block) 	Elapsed: 1.802	Loglikelihood: -1.71893e+06	(delta): 14.9435
18 (QN/Block) 	Elapsed: 1.812	Loglikelihood: -1.71892e+06	(delta): 9.88086
19 (QN/Block) 	Elapsed: 1.924	Loglikelihood: -1.71892e+06	(delta): 8.12561
20 (QN/Block) 	Elapsed: 1.85	Loglikelihood: -1.71891e+06	(delta): 7.71743
21 (QN/Block) 	Elapsed: 2.005	Loglikelihood: -1.7189e+06	(delta): 13.5523
22 (QN/Block) 	Elapsed: 2.124	Loglikelihood: -1.71889e+06	(delta): 6.14295
23 (QN/Block) 	Elapsed: 1.857	Loglikelihood: -1.71888e+06	(delta): 11.0129
24 (QN/Block) 	Elapsed: 1.829	Loglikelihood: -1.71887e+06	(delta): 9.26672
25 (QN/Block) 	Elapsed: 2.065	Loglikelihood: -1.71886e+06	(delta): 5.92698
26 (QN/Block) 	Elapsed: 1.998	Loglikelihood: -1.71886e+06	(delta): 3.37145
27 (QN/Block) 	Elapsed: 1.871	Loglikelihood: -1.71886e+06	(delta): 3.75661
28 (QN/Block) 	Elapsed: 1.809	Loglikelihood: -1.71885e+06	(delta): 6.26368
29 (QN/Block) 	Elapsed: 1.962	Loglikelihood: -1.71885e+06	(delta): 3.79741
30 (QN/Block) 	Elapsed: 1.932	Loglikelihood: -1.71884e+06	(delta): 3.64003
31 (QN/Block) 	Elapsed: 1.796	Loglikelihood: -1.71884e+06	(delta): 3.96384
32 (QN/Block) 	Elapsed: 1.898	Loglikelihood: -1.71883e+06	(delta): 3.56479
33 (QN/Block) 	Elapsed: 1.776	Loglikelihood: -1.71883e+06	(delta): 3.73786
34 (QN/Block) 	Elapsed: 1.779	Loglikelihood: -1.71883e+06	(delta): 2.00984
35 (QN/Block) 	Elapsed: 1.841	Loglikelihood: -1.71883e+06	(delta): 1.41235
36 (QN/Block) 	Elapsed: 1.793	Loglikelihood: -1.71883e+06	(delta): 0.413694
37 (QN/Block) 	Elapsed: 1.836	Loglikelihood: -1.71883e+06	(delta): 0.386913
38 (QN/Block) 	Elapsed: 1.899	Loglikelihood: -1.71883e+06	(delta): 0.158931
39 (QN/Block) 	Elapsed: 1.781	Loglikelihood: -1.71883e+06	(delta): 0.363877
40 (QN/Block) 	Elapsed: 1.779	Loglikelihood: -1.71883e+06	(delta): 0.441974
41 (QN/Block) 	Elapsed: 1.83	Loglikelihood: -1.71882e+06	(delta): 1.01324
42 (QN/Block) 	Elapsed: 1.803	Loglikelihood: -1.71882e+06	(delta): 1.85448
43 (QN/Block) 	Elapsed: 1.873	Loglikelihood: -1.71882e+06	(delta): 0.794328
44 (QN/Block) 	Elapsed: 1.767	Loglikelihood: -1.71882e+06	(delta): 0.258223
45 (QN/Block) 	Elapsed: 1.766	Loglikelihood: -1.71882e+06	(delta): 0.364077
46 (QN/Block) 	Elapsed: 1.797	Loglikelihood: -1.71882e+06	(delta): 0.0645342
47 (QN/Block) 	Elapsed: 1.87	Loglikelihood: -1.71882e+06	(delta): 0.0364196
48 (QN/Block) 	Elapsed: 1.974	Loglikelihood: -1.71882e+06	(delta): 0.243219
49 (QN/Block) 	Elapsed: 2.646	Loglikelihood: -1.71882e+06	(delta): 0.281676
50 (QN/Block) 	Elapsed: 2.885	Loglikelihood: -1.71882e+06	(delta): 0.4019
51 (QN/Block) 	Elapsed: 1.878	Loglikelihood: -1.71882e+06	(delta): 0.3321
52 (QN/Block) 	Elapsed: 1.923	Loglikelihood: -1.71882e+06	(delta): 0.0411902
53 (QN/Block) 	Elapsed: 2.071	Loglikelihood: -1.71882e+06	(delta): 0.0324743
54 (QN/Block) 	Elapsed: 1.924	Loglikelihood: -1.71882e+06	(delta): 0.0176533
55 (QN/Block) 	Elapsed: 1.945	Loglikelihood: -1.71882e+06	(delta): 0.0122041
56 (QN/Block) 	Elapsed: 1.813	Loglikelihood: -1.71882e+06	(delta): 0.0109187
57 (QN/Block) 	Elapsed: 1.76	Loglikelihood: -1.71882e+06	(delta): 0.0104137
58 (QN/Block) 	Elapsed: 1.761	Loglikelihood: -1.71882e+06	(delta): 0.00780759
59 (QN/Block) 	Elapsed: 1.749	Loglikelihood: -1.71882e+06	(delta): 0.00632843
60 (QN/Block) 	Elapsed: 1.814	Loglikelihood: -1.71882e+06	(delta): 0.00953282
61 (QN/Block) 	Elapsed: 1.835	Loglikelihood: -1.71882e+06	(delta): 0.0039417
62 (QN/Block) 	Elapsed: 1.837	Loglikelihood: -1.71882e+06	(delta): 0.00230231
63 (QN/Block) 	Elapsed: 1.868	Loglikelihood: -1.71882e+06	(delta): 0.00219816
64 (QN/Block) 	Elapsed: 1.832	Loglikelihood: -1.71882e+06	(delta): 9.161e-05
Summary: 
Converged in 64 iterations (127.236 sec)
Loglikelihood: -1718820.168175
Fst divergences between estimated populations: 
	Pop0	Pop1	Pop2	Pop3	Pop4	Pop5	Pop6	Pop7	Pop8	Pop9	Pop10	Pop11	
Pop0	
Pop1	0.266	
Pop2	0.266	0.122	
Pop3	0.121	0.259	0.260	
Pop4	0.116	0.223	0.224	0.103	
Pop5	0.290	0.148	0.113	0.286	0.249	
Pop6	0.300	0.145	0.154	0.297	0.259	0.185	
Pop7	0.274	0.332	0.328	0.277	0.250	0.353	0.360	
Pop8	0.272	0.127	0.129	0.265	0.230	0.156	0.165	0.338	
Pop9	0.271	0.116	0.119	0.268	0.231	0.150	0.150	0.336	0.128	
Pop10	0.271	0.307	0.311	0.278	0.237	0.334	0.345	0.389	0.318	0.311	
Pop11	0.337	0.174	0.189	0.332	0.293	0.211	0.214	0.412	0.204	0.184	0.371	
Pop12	0.267	0.326	0.324	0.272	0.243	0.348	0.357	0.087	0.332	0.331	0.382	0.408	
CV error (K=13): 0.52373
Writing output files.
