****                   ADMIXTURE Version 1.3.0                  ****
****                    Copyright 2008-2015                     ****
****           David Alexander, Suyash Shringarpure,            ****
****                John  Novembre, Ken Lange                   ****
****                                                            ****
****                 Please cite our paper!                     ****
****   Information at www.genetics.ucla.edu/software/admixture  ****

Cross-validation will be performed.  Folds=5.
Random seed: 43
Point estimation method: Block relaxation algorithm
Convergence acceleration algorithm: QuasiNewton, 3 secant conditions
Point estimation will terminate when objective function delta < 0.0001
Estimation of standard errors disabled; will compute point estimates only.
Size of G: 255x9921
Performing five EM steps to prime main algorithm
1 (EM) 	Elapsed: 1.021	Loglikelihood: -2.23805e+06	(delta): 943823
2 (EM) 	Elapsed: 1.202	Loglikelihood: -2.17011e+06	(delta): 67943.6
3 (EM) 	Elapsed: 1.16	Loglikelihood: -2.15605e+06	(delta): 14056.3
4 (EM) 	Elapsed: 1.145	Loglikelihood: -2.14631e+06	(delta): 9739.4
5 (EM) 	Elapsed: 1.027	Loglikelihood: -2.13676e+06	(delta): 9551.86
Initial loglikelihood: -2.13676e+06
Starting main algorithm
1 (QN/Block) 	Elapsed: 2.466	Loglikelihood: -1.80832e+06	(delta): 328439
2 (QN/Block) 	Elapsed: 2.877	Loglikelihood: -1.75733e+06	(delta): 50991
3 (QN/Block) 	Elapsed: 2.422	Loglikelihood: -1.73657e+06	(delta): 20761.5
4 (QN/Block) 	Elapsed: 2.439	Loglikelihood: -1.72377e+06	(delta): 12795.2
5 (QN/Block) 	Elapsed: 2.333	Loglikelihood: -1.7191e+06	(delta): 4675.24
6 (QN/Block) 	Elapsed: 2.261	Loglikelihood: -1.71651e+06	(delta): 2585.15
7 (QN/Block) 	Elapsed: 2.208	Loglikelihood: -1.71521e+06	(delta): 1302.74
8 (QN/Block) 	Elapsed: 2.219	Loglikelihood: -1.71421e+06	(delta): 996.482
9 (QN/Block) 	Elapsed: 2.219	Loglikelihood: -1.71363e+06	(delta): 581.278
10 (QN/Block) 	Elapsed: 2.205	Loglikelihood: -1.7131e+06	(delta): 530.141
11 (QN/Block) 	Elapsed: 2.603	Loglikelihood: -1.71229e+06	(delta): 812.001
12 (QN/Block) 	Elapsed: 2.253	Loglikelihood: -1.71039e+06	(delta): 1901.51
13 (QN/Block) 	Elapsed: 2.222	Loglikelihood: -1.70977e+06	(delta): 619.303
14 (QN/Block) 	Elapsed: 2.283	Loglikelihood: -1.70935e+06	(delta): 421.786
15 (QN/Block) 	Elapsed: 2.267	Loglikelihood: -1.70908e+06	(delta): 261.81
16 (QN/Block) 	Elapsed: 2.192	Loglikelihood: -1.70888e+06	(delta): 206.9
17 (QN/Block) 	Elapsed: 2.185	Loglikelihood: -1.70877e+06	(delta): 101.971
18 (QN/Block) 	Elapsed: 2.196	Loglikelihood: -1.7087e+06	(delta): 75.1193
19 (QN/Block) 	Elapsed: 2.27	Loglikelihood: -1.70863e+06	(delta): 67.9182
20 (QN/Block) 	Elapsed: 2.275	Loglikelihood: -1.70854e+06	(delta): 96.3117
21 (QN/Block) 	Elapsed: 2.247	Loglikelihood: -1.70846e+06	(delta): 73.703
22 (QN/Block) 	Elapsed: 2.542	Loglikelihood: -1.70842e+06	(delta): 44.0994
23 (QN/Block) 	Elapsed: 2.359	Loglikelihood: -1.7084e+06	(delta): 14.6904
24 (QN/Block) 	Elapsed: 2.348	Loglikelihood: -1.7084e+06	(delta): 5.33568
25 (QN/Block) 	Elapsed: 2.62	Loglikelihood: -1.70839e+06	(delta): 6.01684
26 (QN/Block) 	Elapsed: 2.617	Loglikelihood: -1.70838e+06	(delta): 9.18014
27 (QN/Block) 	Elapsed: 2.468	Loglikelihood: -1.70837e+06	(delta): 15.5628
28 (QN/Block) 	Elapsed: 2.555	Loglikelihood: -1.70835e+06	(delta): 13.1007
29 (QN/Block) 	Elapsed: 2.443	Loglikelihood: -1.70834e+06	(delta): 12.0737
30 (QN/Block) 	Elapsed: 2.28	Loglikelihood: -1.70832e+06	(delta): 21.5155
31 (QN/Block) 	Elapsed: 2.378	Loglikelihood: -1.7083e+06	(delta): 18.3382
32 (QN/Block) 	Elapsed: 2.391	Loglikelihood: -1.70829e+06	(delta): 6.86871
33 (QN/Block) 	Elapsed: 2.52	Loglikelihood: -1.70829e+06	(delta): 6.36883
34 (QN/Block) 	Elapsed: 2.326	Loglikelihood: -1.70828e+06	(delta): 12.8102
35 (QN/Block) 	Elapsed: 2.29	Loglikelihood: -1.70827e+06	(delta): 5.11323
36 (QN/Block) 	Elapsed: 2.356	Loglikelihood: -1.70826e+06	(delta): 6.0757
37 (QN/Block) 	Elapsed: 2.399	Loglikelihood: -1.70826e+06	(delta): 1.74693
38 (QN/Block) 	Elapsed: 2.416	Loglikelihood: -1.70826e+06	(delta): 1.38464
39 (QN/Block) 	Elapsed: 2.255	Loglikelihood: -1.70826e+06	(delta): 0.582614
40 (QN/Block) 	Elapsed: 2.333	Loglikelihood: -1.70826e+06	(delta): 0.51795
41 (QN/Block) 	Elapsed: 2.388	Loglikelihood: -1.70826e+06	(delta): 0.288927
42 (QN/Block) 	Elapsed: 2.389	Loglikelihood: -1.70826e+06	(delta): 0.234109
43 (QN/Block) 	Elapsed: 2.397	Loglikelihood: -1.70826e+06	(delta): 0.416833
44 (QN/Block) 	Elapsed: 2.363	Loglikelihood: -1.70826e+06	(delta): 0.500658
45 (QN/Block) 	Elapsed: 2.253	Loglikelihood: -1.70826e+06	(delta): 0.427326
46 (QN/Block) 	Elapsed: 2.271	Loglikelihood: -1.70826e+06	(delta): 0.226472
47 (QN/Block) 	Elapsed: 2.263	Loglikelihood: -1.70826e+06	(delta): 0.102749
48 (QN/Block) 	Elapsed: 2.25	Loglikelihood: -1.70826e+06	(delta): 0.171275
49 (QN/Block) 	Elapsed: 2.199	Loglikelihood: -1.70826e+06	(delta): 0.0510995
50 (QN/Block) 	Elapsed: 2.279	Loglikelihood: -1.70826e+06	(delta): 0.11149
51 (QN/Block) 	Elapsed: 2.858	Loglikelihood: -1.70826e+06	(delta): 0.0599854
52 (QN/Block) 	Elapsed: 2.672	Loglikelihood: -1.70826e+06	(delta): 0.0571425
53 (QN/Block) 	Elapsed: 2.705	Loglikelihood: -1.70826e+06	(delta): 0.0793006
54 (QN/Block) 	Elapsed: 2.417	Loglikelihood: -1.70826e+06	(delta): 0.06988
55 (QN/Block) 	Elapsed: 2.228	Loglikelihood: -1.70826e+06	(delta): 0.100379
56 (QN/Block) 	Elapsed: 2.295	Loglikelihood: -1.70826e+06	(delta): 0.0239058
57 (QN/Block) 	Elapsed: 2.289	Loglikelihood: -1.70826e+06	(delta): 0.0112957
58 (QN/Block) 	Elapsed: 2.308	Loglikelihood: -1.70826e+06	(delta): 0.0157351
59 (QN/Block) 	Elapsed: 2.212	Loglikelihood: -1.70826e+06	(delta): 0.00289205
60 (QN/Block) 	Elapsed: 2.244	Loglikelihood: -1.70826e+06	(delta): 0.00159654
61 (QN/Block) 	Elapsed: 2.333	Loglikelihood: -1.70826e+06	(delta): 0.000254822
62 (QN/Block) 	Elapsed: 2.236	Loglikelihood: -1.70826e+06	(delta): 0.000358839
63 (QN/Block) 	Elapsed: 2.221	Loglikelihood: -1.70826e+06	(delta): 0.000248915
64 (QN/Block) 	Elapsed: 2.374	Loglikelihood: -1.70826e+06	(delta): 7.63256e-05
Summary: 
Converged in 64 iterations (159.403 sec)
Loglikelihood: -1708257.354948
Fst divergences between estimated populations: 
	Pop0	Pop1	Pop2	Pop3	Pop4	Pop5	Pop6	Pop7	Pop8	Pop9	Pop10	Pop11	Pop12	Pop13	
Pop0	
Pop1	0.122	
Pop2	0.328	0.332	
Pop3	0.128	0.132	0.338	
Pop4	0.160	0.153	0.366	0.175	
Pop5	0.191	0.177	0.413	0.207	0.222	
Pop6	0.248	0.250	0.264	0.257	0.291	0.323	
Pop7	0.125	0.129	0.341	0.139	0.157	0.193	0.263	
Pop8	0.328	0.334	0.088	0.339	0.367	0.414	0.269	0.343	
Pop9	0.220	0.221	0.247	0.230	0.261	0.290	0.093	0.234	0.248	
Pop10	0.223	0.254	0.453	0.266	0.299	0.312	0.377	0.261	0.455	0.346	
Pop11	0.197	0.193	0.406	0.212	0.239	0.262	0.324	0.184	0.404	0.294	0.326	
Pop12	0.321	0.321	0.387	0.330	0.362	0.390	0.244	0.333	0.390	0.213	0.449	0.401	
Pop13	0.333	0.340	0.097	0.345	0.372	0.420	0.276	0.349	0.103	0.259	0.460	0.411	0.401	
Pop14	0.265	0.268	0.271	0.275	0.306	0.339	0.116	0.277	0.274	0.115	0.390	0.339	0.268	0.285	
CV error (K=15): 0.55269
Writing output files.
