****                   ADMIXTURE Version 1.3.0                  ****
****                    Copyright 2008-2015                     ****
****           David Alexander, Suyash Shringarpure,            ****
****                John  Novembre, Ken Lange                   ****
****                                                            ****
****                 Please cite our paper!                     ****
****   Information at www.genetics.ucla.edu/software/admixture  ****

Cross-validation will be performed.  Folds=5.
Random seed: 43
Point estimation method: Block relaxation algorithm
Convergence acceleration algorithm: QuasiNewton, 3 secant conditions
Point estimation will terminate when objective function delta < 0.0001
Estimation of standard errors disabled; will compute point estimates only.
Size of G: 255x9921
Performing five EM steps to prime main algorithm
1 (EM) 	Elapsed: 0.589	Loglikelihood: -2.24523e+06	(delta): 981613
2 (EM) 	Elapsed: 0.574	Loglikelihood: -2.1764e+06	(delta): 68831.1
3 (EM) 	Elapsed: 0.607	Loglikelihood: -2.15913e+06	(delta): 17266.6
4 (EM) 	Elapsed: 0.567	Loglikelihood: -2.14593e+06	(delta): 13201.5
5 (EM) 	Elapsed: 0.568	Loglikelihood: -2.13229e+06	(delta): 13640.3
Initial loglikelihood: -2.13229e+06
Starting main algorithm
1 (QN/Block) 	Elapsed: 1.285	Loglikelihood: -1.82776e+06	(delta): 304526
2 (QN/Block) 	Elapsed: 1.175	Loglikelihood: -1.78583e+06	(delta): 41931.6
3 (QN/Block) 	Elapsed: 1.235	Loglikelihood: -1.77151e+06	(delta): 14324.5
4 (QN/Block) 	Elapsed: 1.276	Loglikelihood: -1.76189e+06	(delta): 9610.65
5 (QN/Block) 	Elapsed: 1.335	Loglikelihood: -1.75694e+06	(delta): 4953.56
6 (QN/Block) 	Elapsed: 1.341	Loglikelihood: -1.75196e+06	(delta): 4985.37
7 (QN/Block) 	Elapsed: 1.286	Loglikelihood: -1.74958e+06	(delta): 2372.72
8 (QN/Block) 	Elapsed: 1.305	Loglikelihood: -1.74821e+06	(delta): 1375.65
9 (QN/Block) 	Elapsed: 1.648	Loglikelihood: -1.74749e+06	(delta): 721.857
10 (QN/Block) 	Elapsed: 1.786	Loglikelihood: -1.74689e+06	(delta): 596.367
11 (QN/Block) 	Elapsed: 1.283	Loglikelihood: -1.74636e+06	(delta): 524.221
12 (QN/Block) 	Elapsed: 1.247	Loglikelihood: -1.74567e+06	(delta): 698.882
13 (QN/Block) 	Elapsed: 1.304	Loglikelihood: -1.7449e+06	(delta): 767.61
14 (QN/Block) 	Elapsed: 1.392	Loglikelihood: -1.74443e+06	(delta): 464.927
15 (QN/Block) 	Elapsed: 1.274	Loglikelihood: -1.74415e+06	(delta): 282.848
16 (QN/Block) 	Elapsed: 1.454	Loglikelihood: -1.74402e+06	(delta): 127.832
17 (QN/Block) 	Elapsed: 1.612	Loglikelihood: -1.74396e+06	(delta): 59.2639
18 (QN/Block) 	Elapsed: 1.745	Loglikelihood: -1.74392e+06	(delta): 38.7757
19 (QN/Block) 	Elapsed: 1.295	Loglikelihood: -1.74389e+06	(delta): 30.5371
20 (QN/Block) 	Elapsed: 1.329	Loglikelihood: -1.74386e+06	(delta): 30.1714
21 (QN/Block) 	Elapsed: 1.554	Loglikelihood: -1.74384e+06	(delta): 28.3301
22 (QN/Block) 	Elapsed: 1.305	Loglikelihood: -1.74382e+06	(delta): 15.8977
23 (QN/Block) 	Elapsed: 1.36	Loglikelihood: -1.74381e+06	(delta): 9.09172
24 (QN/Block) 	Elapsed: 1.519	Loglikelihood: -1.7438e+06	(delta): 6.21055
25 (QN/Block) 	Elapsed: 1.317	Loglikelihood: -1.7438e+06	(delta): 5.67501
26 (QN/Block) 	Elapsed: 1.263	Loglikelihood: -1.7438e+06	(delta): 2.31347
27 (QN/Block) 	Elapsed: 1.179	Loglikelihood: -1.7438e+06	(delta): 1.24732
28 (QN/Block) 	Elapsed: 1.338	Loglikelihood: -1.74379e+06	(delta): 0.548778
29 (QN/Block) 	Elapsed: 1.217	Loglikelihood: -1.74379e+06	(delta): 0.646248
30 (QN/Block) 	Elapsed: 1.213	Loglikelihood: -1.74379e+06	(delta): 0.551011
31 (QN/Block) 	Elapsed: 1.307	Loglikelihood: -1.74379e+06	(delta): 0.828372
32 (QN/Block) 	Elapsed: 1.609	Loglikelihood: -1.74379e+06	(delta): 0.462578
33 (QN/Block) 	Elapsed: 1.775	Loglikelihood: -1.74379e+06	(delta): 1.57609
34 (QN/Block) 	Elapsed: 1.279	Loglikelihood: -1.74379e+06	(delta): 1.29483
35 (QN/Block) 	Elapsed: 1.275	Loglikelihood: -1.74379e+06	(delta): 0.464838
36 (QN/Block) 	Elapsed: 1.262	Loglikelihood: -1.74379e+06	(delta): 0.320998
37 (QN/Block) 	Elapsed: 1.217	Loglikelihood: -1.74379e+06	(delta): 0.415609
38 (QN/Block) 	Elapsed: 1.202	Loglikelihood: -1.74379e+06	(delta): 0.300607
39 (QN/Block) 	Elapsed: 1.36	Loglikelihood: -1.74379e+06	(delta): 0.102046
40 (QN/Block) 	Elapsed: 1.395	Loglikelihood: -1.74379e+06	(delta): 0.0421294
41 (QN/Block) 	Elapsed: 1.318	Loglikelihood: -1.74379e+06	(delta): 0.0422518
42 (QN/Block) 	Elapsed: 1.268	Loglikelihood: -1.74379e+06	(delta): 0.0821462
43 (QN/Block) 	Elapsed: 1.243	Loglikelihood: -1.74379e+06	(delta): 0.0669724
44 (QN/Block) 	Elapsed: 1.289	Loglikelihood: -1.74379e+06	(delta): 0.0265135
45 (QN/Block) 	Elapsed: 1.392	Loglikelihood: -1.74379e+06	(delta): 0.0108285
46 (QN/Block) 	Elapsed: 1.352	Loglikelihood: -1.74379e+06	(delta): 0.0112043
47 (QN/Block) 	Elapsed: 1.425	Loglikelihood: -1.74379e+06	(delta): 0.0131986
48 (QN/Block) 	Elapsed: 1.275	Loglikelihood: -1.74379e+06	(delta): 0.0153125
49 (QN/Block) 	Elapsed: 1.26	Loglikelihood: -1.74379e+06	(delta): 0.0159816
50 (QN/Block) 	Elapsed: 1.169	Loglikelihood: -1.74379e+06	(delta): 0.103786
51 (QN/Block) 	Elapsed: 1.287	Loglikelihood: -1.74379e+06	(delta): 0.0681588
52 (QN/Block) 	Elapsed: 1.27	Loglikelihood: -1.74379e+06	(delta): 0.083172
53 (QN/Block) 	Elapsed: 1.307	Loglikelihood: -1.74379e+06	(delta): 0.0639928
54 (QN/Block) 	Elapsed: 1.379	Loglikelihood: -1.74379e+06	(delta): 0.0254446
55 (QN/Block) 	Elapsed: 1.277	Loglikelihood: -1.74379e+06	(delta): 0.0197702
56 (QN/Block) 	Elapsed: 1.531	Loglikelihood: -1.74379e+06	(delta): 0.0386661
57 (QN/Block) 	Elapsed: 1.84	Loglikelihood: -1.74379e+06	(delta): 0.021096
58 (QN/Block) 	Elapsed: 2.175	Loglikelihood: -1.74379e+06	(delta): 0.0197077
59 (QN/Block) 	Elapsed: 1.419	Loglikelihood: -1.74379e+06	(delta): 0.0221658
60 (QN/Block) 	Elapsed: 1.342	Loglikelihood: -1.74379e+06	(delta): 0.0708639
61 (QN/Block) 	Elapsed: 1.358	Loglikelihood: -1.74379e+06	(delta): 0.0776979
62 (QN/Block) 	Elapsed: 1.264	Loglikelihood: -1.74379e+06	(delta): 0.0492007
63 (QN/Block) 	Elapsed: 1.259	Loglikelihood: -1.74379e+06	(delta): 0.0780433
64 (QN/Block) 	Elapsed: 1.188	Loglikelihood: -1.74379e+06	(delta): 0.0535117
65 (QN/Block) 	Elapsed: 1.255	Loglikelihood: -1.74379e+06	(delta): 0.0574766
66 (QN/Block) 	Elapsed: 1.327	Loglikelihood: -1.74379e+06	(delta): 0.0663361
67 (QN/Block) 	Elapsed: 1.285	Loglikelihood: -1.74379e+06	(delta): 0.0959014
68 (QN/Block) 	Elapsed: 1.514	Loglikelihood: -1.74379e+06	(delta): 0.0638351
69 (QN/Block) 	Elapsed: 1.193	Loglikelihood: -1.74379e+06	(delta): 0.0196606
70 (QN/Block) 	Elapsed: 1.185	Loglikelihood: -1.74379e+06	(delta): 0.00922003
71 (QN/Block) 	Elapsed: 1.467	Loglikelihood: -1.74379e+06	(delta): 0.00510516
72 (QN/Block) 	Elapsed: 1.23	Loglikelihood: -1.74379e+06	(delta): 0.000742628
73 (QN/Block) 	Elapsed: 1.328	Loglikelihood: -1.74379e+06	(delta): 0.000309221
74 (QN/Block) 	Elapsed: 1.683	Loglikelihood: -1.74379e+06	(delta): 0.000240978
75 (QN/Block) 	Elapsed: 1.347	Loglikelihood: -1.74379e+06	(delta): 0.00181893
76 (QN/Block) 	Elapsed: 1.363	Loglikelihood: -1.74379e+06	(delta): 0.00350202
77 (QN/Block) 	Elapsed: 1.626	Loglikelihood: -1.74379e+06	(delta): 0.00100169
78 (QN/Block) 	Elapsed: 1.536	Loglikelihood: -1.74379e+06	(delta): 0.000602423
79 (QN/Block) 	Elapsed: 1.578	Loglikelihood: -1.74379e+06	(delta): 0.000168164
80 (QN/Block) 	Elapsed: 1.389	Loglikelihood: -1.74379e+06	(delta): 0.000107908
81 (QN/Block) 	Elapsed: 1.67	Loglikelihood: -1.74379e+06	(delta): 0.000101131
82 (QN/Block) 	Elapsed: 1.636	Loglikelihood: -1.74379e+06	(delta): 0.000100604
83 (QN/Block) 	Elapsed: 1.555	Loglikelihood: -1.74379e+06	(delta): 0.000101832
84 (QN/Block) 	Elapsed: 1.403	Loglikelihood: -1.74379e+06	(delta): 0.000103622
85 (QN/Block) 	Elapsed: 1.293	Loglikelihood: -1.74379e+06	(delta): 0.000105591
86 (QN/Block) 	Elapsed: 1.312	Loglikelihood: -1.74379e+06	(delta): 0.000107585
87 (QN/Block) 	Elapsed: 1.441	Loglikelihood: -1.74379e+06	(delta): 0.000109491
88 (QN/Block) 	Elapsed: 1.341	Loglikelihood: -1.74379e+06	(delta): 0.000111418
89 (QN/Block) 	Elapsed: 1.308	Loglikelihood: -1.74379e+06	(delta): 0.000113379
90 (QN/Block) 	Elapsed: 1.369	Loglikelihood: -1.74379e+06	(delta): 0.000114968
91 (QN/Block) 	Elapsed: 1.346	Loglikelihood: -1.74379e+06	(delta): 0.000115598
92 (QN/Block) 	Elapsed: 1.341	Loglikelihood: -1.74379e+06	(delta): 0.00011575
93 (QN/Block) 	Elapsed: 1.334	Loglikelihood: -1.74379e+06	(delta): 0.000115711
94 (QN/Block) 	Elapsed: 1.347	Loglikelihood: -1.74379e+06	(delta): 0.000115443
95 (QN/Block) 	Elapsed: 1.374	Loglikelihood: -1.74379e+06	(delta): 0.000115002
96 (QN/Block) 	Elapsed: 1.274	Loglikelihood: -1.74379e+06	(delta): 0.000140266
97 (QN/Block) 	Elapsed: 1.298	Loglikelihood: -1.74379e+06	(delta): 0.000375969
98 (QN/Block) 	Elapsed: 1.359	Loglikelihood: -1.74379e+06	(delta): 0.000116407
99 (QN/Block) 	Elapsed: 1.425	Loglikelihood: -1.74379e+06	(delta): 0.00010819
100 (QN/Block) 	Elapsed: 1.406	Loglikelihood: -1.74379e+06	(delta): 0.00010478
101 (QN/Block) 	Elapsed: 1.399	Loglikelihood: -1.74379e+06	(delta): 0.000101946
102 (QN/Block) 	Elapsed: 1.34	Loglikelihood: -1.74379e+06	(delta): 6.69889e-05
Summary: 
Converged in 102 iterations (146.751 sec)
Loglikelihood: -1743786.328772
Fst divergences between estimated populations: 
	Pop0	Pop1	Pop2	Pop3	Pop4	Pop5	Pop6	Pop7	Pop8	
Pop0	
Pop1	0.127	
Pop2	0.317	0.361	
Pop3	0.284	0.335	0.368	
Pop4	0.314	0.357	0.092	0.362	
Pop5	0.252	0.299	0.272	0.255	0.267	
Pop6	0.169	0.208	0.409	0.363	0.405	0.333	
Pop7	0.106	0.163	0.336	0.302	0.333	0.270	0.197	
Pop8	0.208	0.258	0.245	0.206	0.241	0.103	0.288	0.227	
Pop9	0.092	0.146	0.320	0.290	0.317	0.256	0.176	0.118	0.214	
CV error (K=10): 0.50802
Writing output files.
