****                   ADMIXTURE Version 1.3.0                  ****
****                    Copyright 2008-2015                     ****
****           David Alexander, Suyash Shringarpure,            ****
****                John  Novembre, Ken Lange                   ****
****                                                            ****
****                 Please cite our paper!                     ****
****   Information at www.genetics.ucla.edu/software/admixture  ****

Cross-validation will be performed.  Folds=5.
Random seed: 43
Point estimation method: Block relaxation algorithm
Convergence acceleration algorithm: QuasiNewton, 3 secant conditions
Point estimation will terminate when objective function delta < 0.0001
Estimation of standard errors disabled; will compute point estimates only.
Size of G: 255x9921
Performing five EM steps to prime main algorithm
1 (EM) 	Elapsed: 0.098	Loglikelihood: -2.24052e+06	(delta): 1.62077e+06
2 (EM) 	Elapsed: 0.089	Loglikelihood: -2.17486e+06	(delta): 65651.5
3 (EM) 	Elapsed: 0.096	Loglikelihood: -2.15719e+06	(delta): 17678.1
4 (EM) 	Elapsed: 0.099	Loglikelihood: -2.14902e+06	(delta): 8163.59
5 (EM) 	Elapsed: 0.101	Loglikelihood: -2.14486e+06	(delta): 4159.48
Initial loglikelihood: -2.14486e+06
Starting main algorithm
1 (QN/Block) 	Elapsed: 0.215	Loglikelihood: -2.03829e+06	(delta): 106577
2 (QN/Block) 	Elapsed: 0.254	Loglikelihood: -1.9781e+06	(delta): 60184.8
3 (QN/Block) 	Elapsed: 0.248	Loglikelihood: -1.92371e+06	(delta): 54389.5
4 (QN/Block) 	Elapsed: 0.352	Loglikelihood: -1.91315e+06	(delta): 10561.8
5 (QN/Block) 	Elapsed: 0.323	Loglikelihood: -1.91232e+06	(delta): 826.685
6 (QN/Block) 	Elapsed: 0.271	Loglikelihood: -1.91221e+06	(delta): 108.972
7 (QN/Block) 	Elapsed: 0.315	Loglikelihood: -1.9122e+06	(delta): 18.6707
8 (QN/Block) 	Elapsed: 0.311	Loglikelihood: -1.91219e+06	(delta): 2.34416
9 (QN/Block) 	Elapsed: 0.255	Loglikelihood: -1.91219e+06	(delta): 0.170398
10 (QN/Block) 	Elapsed: 0.331	Loglikelihood: -1.91219e+06	(delta): 0.010014
11 (QN/Block) 	Elapsed: 0.249	Loglikelihood: -1.91219e+06	(delta): 0.000667807
12 (QN/Block) 	Elapsed: 0.245	Loglikelihood: -1.91219e+06	(delta): 7.13533e-06
Summary: 
Converged in 12 iterations (4.246 sec)
Loglikelihood: -1912193.216162
Fst divergences between estimated populations: 
	Pop0	
Pop0	
Pop1	0.182	
CV error (K=2): 0.52448
Writing output files.
