****                   ADMIXTURE Version 1.3.0                  ****
****                    Copyright 2008-2015                     ****
****           David Alexander, Suyash Shringarpure,            ****
****                John  Novembre, Ken Lange                   ****
****                                                            ****
****                 Please cite our paper!                     ****
****   Information at www.genetics.ucla.edu/software/admixture  ****

Cross-validation will be performed.  Folds=5.
Random seed: 43
Point estimation method: Block relaxation algorithm
Convergence acceleration algorithm: QuasiNewton, 3 secant conditions
Point estimation will terminate when objective function delta < 0.0001
Estimation of standard errors disabled; will compute point estimates only.
Size of G: 255x9921
Performing five EM steps to prime main algorithm
1 (EM) 	Elapsed: 0.133	Loglikelihood: -2.26227e+06	(delta): 1.33609e+06
2 (EM) 	Elapsed: 0.135	Loglikelihood: -2.19185e+06	(delta): 70429
3 (EM) 	Elapsed: 0.161	Loglikelihood: -2.17062e+06	(delta): 21227.6
4 (EM) 	Elapsed: 0.142	Loglikelihood: -2.1588e+06	(delta): 11814.6
5 (EM) 	Elapsed: 0.141	Loglikelihood: -2.15117e+06	(delta): 7633.81
Initial loglikelihood: -2.15117e+06
Starting main algorithm
1 (QN/Block) 	Elapsed: 0.369	Loglikelihood: -1.95309e+06	(delta): 198085
2 (QN/Block) 	Elapsed: 0.379	Loglikelihood: -1.9073e+06	(delta): 45789
3 (QN/Block) 	Elapsed: 0.394	Loglikelihood: -1.88059e+06	(delta): 26708.7
4 (QN/Block) 	Elapsed: 0.35	Loglikelihood: -1.85957e+06	(delta): 21021.5
5 (QN/Block) 	Elapsed: 0.356	Loglikelihood: -1.85188e+06	(delta): 7681.96
6 (QN/Block) 	Elapsed: 0.422	Loglikelihood: -1.84768e+06	(delta): 4204.48
7 (QN/Block) 	Elapsed: 0.396	Loglikelihood: -1.84595e+06	(delta): 1728.32
8 (QN/Block) 	Elapsed: 0.351	Loglikelihood: -1.84508e+06	(delta): 869.16
9 (QN/Block) 	Elapsed: 0.405	Loglikelihood: -1.84457e+06	(delta): 507.441
10 (QN/Block) 	Elapsed: 0.39	Loglikelihood: -1.84442e+06	(delta): 152.176
11 (QN/Block) 	Elapsed: 0.379	Loglikelihood: -1.84437e+06	(delta): 50.1652
12 (QN/Block) 	Elapsed: 0.33	Loglikelihood: -1.84435e+06	(delta): 21.9743
13 (QN/Block) 	Elapsed: 0.31	Loglikelihood: -1.84434e+06	(delta): 14.939
14 (QN/Block) 	Elapsed: 0.325	Loglikelihood: -1.84432e+06	(delta): 16.0289
15 (QN/Block) 	Elapsed: 0.378	Loglikelihood: -1.84431e+06	(delta): 5.99888
16 (QN/Block) 	Elapsed: 0.331	Loglikelihood: -1.84431e+06	(delta): 1.93306
17 (QN/Block) 	Elapsed: 0.383	Loglikelihood: -1.84431e+06	(delta): 0.456289
18 (QN/Block) 	Elapsed: 0.328	Loglikelihood: -1.84431e+06	(delta): 0.30621
19 (QN/Block) 	Elapsed: 0.367	Loglikelihood: -1.84431e+06	(delta): 0.0230925
20 (QN/Block) 	Elapsed: 0.341	Loglikelihood: -1.84431e+06	(delta): 0.00111927
21 (QN/Block) 	Elapsed: 0.335	Loglikelihood: -1.84431e+06	(delta): 0.000204818
22 (QN/Block) 	Elapsed: 0.32	Loglikelihood: -1.84431e+06	(delta): 1.22357e-05
Summary: 
Converged in 22 iterations (9.252 sec)
Loglikelihood: -1844310.507841
Fst divergences between estimated populations: 
	Pop0	Pop1	
Pop0	
Pop1	0.225	
Pop2	0.282	0.187	
CV error (K=3): 0.49862
Writing output files.
