****                   ADMIXTURE Version 1.3.0                  ****
****                    Copyright 2008-2015                     ****
****           David Alexander, Suyash Shringarpure,            ****
****                John  Novembre, Ken Lange                   ****
****                                                            ****
****                 Please cite our paper!                     ****
****   Information at www.genetics.ucla.edu/software/admixture  ****

Cross-validation will be performed.  Folds=5.
Random seed: 43
Point estimation method: Block relaxation algorithm
Convergence acceleration algorithm: QuasiNewton, 3 secant conditions
Point estimation will terminate when objective function delta < 0.0001
Estimation of standard errors disabled; will compute point estimates only.
Size of G: 255x9921
Performing five EM steps to prime main algorithm
1 (EM) 	Elapsed: 0.179	Loglikelihood: -2.26312e+06	(delta): 1.19434e+06
2 (EM) 	Elapsed: 0.171	Loglikelihood: -2.19265e+06	(delta): 70466.5
3 (EM) 	Elapsed: 0.219	Loglikelihood: -2.17059e+06	(delta): 22061.2
4 (EM) 	Elapsed: 0.218	Loglikelihood: -2.15601e+06	(delta): 14580.5
5 (EM) 	Elapsed: 0.195	Loglikelihood: -2.1442e+06	(delta): 11812.1
Initial loglikelihood: -2.1442e+06
Starting main algorithm
1 (QN/Block) 	Elapsed: 0.421	Loglikelihood: -1.92711e+06	(delta): 217086
2 (QN/Block) 	Elapsed: 0.397	Loglikelihood: -1.8858e+06	(delta): 41308.4
3 (QN/Block) 	Elapsed: 0.519	Loglikelihood: -1.86205e+06	(delta): 23748.3
4 (QN/Block) 	Elapsed: 0.414	Loglikelihood: -1.84211e+06	(delta): 19943.8
5 (QN/Block) 	Elapsed: 0.521	Loglikelihood: -1.829e+06	(delta): 13104.6
6 (QN/Block) 	Elapsed: 0.471	Loglikelihood: -1.82537e+06	(delta): 3635.19
7 (QN/Block) 	Elapsed: 0.521	Loglikelihood: -1.82243e+06	(delta): 2943.08
8 (QN/Block) 	Elapsed: 0.455	Loglikelihood: -1.8213e+06	(delta): 1123.92
9 (QN/Block) 	Elapsed: 0.433	Loglikelihood: -1.82085e+06	(delta): 456.233
10 (QN/Block) 	Elapsed: 0.428	Loglikelihood: -1.82061e+06	(delta): 238.313
11 (QN/Block) 	Elapsed: 0.43	Loglikelihood: -1.82051e+06	(delta): 95.4352
12 (QN/Block) 	Elapsed: 0.442	Loglikelihood: -1.8205e+06	(delta): 11.0031
13 (QN/Block) 	Elapsed: 0.488	Loglikelihood: -1.8205e+06	(delta): 1.77846
14 (QN/Block) 	Elapsed: 0.424	Loglikelihood: -1.8205e+06	(delta): 0.594844
15 (QN/Block) 	Elapsed: 0.469	Loglikelihood: -1.8205e+06	(delta): 0.506517
16 (QN/Block) 	Elapsed: 0.449	Loglikelihood: -1.8205e+06	(delta): 0.129719
17 (QN/Block) 	Elapsed: 0.413	Loglikelihood: -1.8205e+06	(delta): 0.0308515
18 (QN/Block) 	Elapsed: 0.42	Loglikelihood: -1.8205e+06	(delta): 0.00702065
19 (QN/Block) 	Elapsed: 0.411	Loglikelihood: -1.8205e+06	(delta): 0.00323331
20 (QN/Block) 	Elapsed: 0.43	Loglikelihood: -1.8205e+06	(delta): 0.000616538
21 (QN/Block) 	Elapsed: 0.419	Loglikelihood: -1.8205e+06	(delta): 0.000121815
22 (QN/Block) 	Elapsed: 0.462	Loglikelihood: -1.8205e+06	(delta): 1.80951e-05
Summary: 
Converged in 22 iterations (11.475 sec)
Loglikelihood: -1820498.650359
Fst divergences between estimated populations: 
	Pop0	Pop1	Pop2	
Pop0	
Pop1	0.301	
Pop2	0.295	0.080	
Pop3	0.225	0.204	0.205	
CV error (K=4): 0.49389
Writing output files.
