****                   ADMIXTURE Version 1.3.0                  ****
****                    Copyright 2008-2015                     ****
****           David Alexander, Suyash Shringarpure,            ****
****                John  Novembre, Ken Lange                   ****
****                                                            ****
****                 Please cite our paper!                     ****
****   Information at www.genetics.ucla.edu/software/admixture  ****

Cross-validation will be performed.  Folds=5.
Random seed: 43
Point estimation method: Block relaxation algorithm
Convergence acceleration algorithm: QuasiNewton, 3 secant conditions
Point estimation will terminate when objective function delta < 0.0001
Estimation of standard errors disabled; will compute point estimates only.
Size of G: 255x9921
Performing five EM steps to prime main algorithm
1 (EM) 	Elapsed: 0.364	Loglikelihood: -2.25721e+06	(delta): 1.07013e+06
2 (EM) 	Elapsed: 0.322	Loglikelihood: -2.18822e+06	(delta): 68993.6
3 (EM) 	Elapsed: 0.331	Loglikelihood: -2.16941e+06	(delta): 18815.5
4 (EM) 	Elapsed: 0.342	Loglikelihood: -2.1565e+06	(delta): 12901.5
5 (EM) 	Elapsed: 0.408	Loglikelihood: -2.145e+06	(delta): 11501.5
Initial loglikelihood: -2.145e+06
Starting main algorithm
1 (QN/Block) 	Elapsed: 0.812	Loglikelihood: -1.86696e+06	(delta): 278041
2 (QN/Block) 	Elapsed: 0.631	Loglikelihood: -1.8187e+06	(delta): 48266.5
3 (QN/Block) 	Elapsed: 0.629	Loglikelihood: -1.80135e+06	(delta): 17340.8
4 (QN/Block) 	Elapsed: 0.789	Loglikelihood: -1.78912e+06	(delta): 12232.4
5 (QN/Block) 	Elapsed: 0.973	Loglikelihood: -1.78522e+06	(delta): 3899
6 (QN/Block) 	Elapsed: 0.936	Loglikelihood: -1.7832e+06	(delta): 2025
7 (QN/Block) 	Elapsed: 0.882	Loglikelihood: -1.78248e+06	(delta): 720.662
8 (QN/Block) 	Elapsed: 0.86	Loglikelihood: -1.78212e+06	(delta): 358.876
9 (QN/Block) 	Elapsed: 0.822	Loglikelihood: -1.78196e+06	(delta): 160.398
10 (QN/Block) 	Elapsed: 0.846	Loglikelihood: -1.78183e+06	(delta): 124.43
11 (QN/Block) 	Elapsed: 0.754	Loglikelihood: -1.78174e+06	(delta): 97.6326
12 (QN/Block) 	Elapsed: 0.653	Loglikelihood: -1.78167e+06	(delta): 66.6996
13 (QN/Block) 	Elapsed: 0.619	Loglikelihood: -1.78165e+06	(delta): 22.7333
14 (QN/Block) 	Elapsed: 0.659	Loglikelihood: -1.78164e+06	(delta): 9.98364
15 (QN/Block) 	Elapsed: 0.622	Loglikelihood: -1.78163e+06	(delta): 8.61072
16 (QN/Block) 	Elapsed: 0.651	Loglikelihood: -1.78163e+06	(delta): 1.71647
17 (QN/Block) 	Elapsed: 0.708	Loglikelihood: -1.78163e+06	(delta): 0.730669
18 (QN/Block) 	Elapsed: 0.651	Loglikelihood: -1.78163e+06	(delta): 0.140746
19 (QN/Block) 	Elapsed: 0.678	Loglikelihood: -1.78163e+06	(delta): 0.0755191
20 (QN/Block) 	Elapsed: 0.668	Loglikelihood: -1.78163e+06	(delta): 0.0138274
21 (QN/Block) 	Elapsed: 0.827	Loglikelihood: -1.78163e+06	(delta): 0.0125098
22 (QN/Block) 	Elapsed: 0.865	Loglikelihood: -1.78163e+06	(delta): 0.00010734
23 (QN/Block) 	Elapsed: 0.81	Loglikelihood: -1.78163e+06	(delta): 1.22762e-05
Summary: 
Converged in 23 iterations (19.981 sec)
Loglikelihood: -1781625.602269
Fst divergences between estimated populations: 
	Pop0	Pop1	Pop2	Pop3	Pop4	
Pop0	
Pop1	0.139	
Pop2	0.265	0.311	
Pop3	0.241	0.254	0.377	
Pop4	0.204	0.246	0.166	0.300	
Pop5	0.203	0.245	0.145	0.300	0.088	
CV error (K=6): 0.49354
Writing output files.
