****                   ADMIXTURE Version 1.3.0                  ****
****                    Copyright 2008-2015                     ****
****           David Alexander, Suyash Shringarpure,            ****
****                John  Novembre, Ken Lange                   ****
****                                                            ****
****                 Please cite our paper!                     ****
****   Information at www.genetics.ucla.edu/software/admixture  ****

Cross-validation will be performed.  Folds=5.
Random seed: 43
Point estimation method: Block relaxation algorithm
Convergence acceleration algorithm: QuasiNewton, 3 secant conditions
Point estimation will terminate when objective function delta < 0.0001
Estimation of standard errors disabled; will compute point estimates only.
Size of G: 255x9921
Performing five EM steps to prime main algorithm
1 (EM) 	Elapsed: 0.456	Loglikelihood: -2.25265e+06	(delta): 1.01505e+06
2 (EM) 	Elapsed: 0.482	Loglikelihood: -2.18512e+06	(delta): 67532.1
3 (EM) 	Elapsed: 0.429	Loglikelihood: -2.16875e+06	(delta): 16369.9
4 (EM) 	Elapsed: 0.461	Loglikelihood: -2.158e+06	(delta): 10745
5 (EM) 	Elapsed: 0.462	Loglikelihood: -2.14881e+06	(delta): 9193.23
Initial loglikelihood: -2.14881e+06
Starting main algorithm
1 (QN/Block) 	Elapsed: 0.938	Loglikelihood: -1.84537e+06	(delta): 303439
2 (QN/Block) 	Elapsed: 0.92	Loglikelihood: -1.79383e+06	(delta): 51544.4
3 (QN/Block) 	Elapsed: 0.973	Loglikelihood: -1.77313e+06	(delta): 20691
4 (QN/Block) 	Elapsed: 0.995	Loglikelihood: -1.76446e+06	(delta): 8675.63
5 (QN/Block) 	Elapsed: 0.943	Loglikelihood: -1.76201e+06	(delta): 2447.86
6 (QN/Block) 	Elapsed: 0.931	Loglikelihood: -1.76085e+06	(delta): 1165.52
7 (QN/Block) 	Elapsed: 0.936	Loglikelihood: -1.76018e+06	(delta): 664.473
8 (QN/Block) 	Elapsed: 0.969	Loglikelihood: -1.75975e+06	(delta): 428.663
9 (QN/Block) 	Elapsed: 1.046	Loglikelihood: -1.75942e+06	(delta): 329.94
10 (QN/Block) 	Elapsed: 1.038	Loglikelihood: -1.75918e+06	(delta): 246.802
11 (QN/Block) 	Elapsed: 1.011	Loglikelihood: -1.75891e+06	(delta): 264.658
12 (QN/Block) 	Elapsed: 0.968	Loglikelihood: -1.75866e+06	(delta): 247.371
13 (QN/Block) 	Elapsed: 0.952	Loglikelihood: -1.75852e+06	(delta): 147.991
14 (QN/Block) 	Elapsed: 0.952	Loglikelihood: -1.75846e+06	(delta): 52.5316
15 (QN/Block) 	Elapsed: 0.923	Loglikelihood: -1.75845e+06	(delta): 11.1761
16 (QN/Block) 	Elapsed: 0.977	Loglikelihood: -1.75845e+06	(delta): 6.50795
17 (QN/Block) 	Elapsed: 0.931	Loglikelihood: -1.75844e+06	(delta): 2.65854
18 (QN/Block) 	Elapsed: 0.983	Loglikelihood: -1.75844e+06	(delta): 1.40493
19 (QN/Block) 	Elapsed: 1.112	Loglikelihood: -1.75844e+06	(delta): 0.588238
20 (QN/Block) 	Elapsed: 0.919	Loglikelihood: -1.75844e+06	(delta): 0.442324
21 (QN/Block) 	Elapsed: 0.949	Loglikelihood: -1.75844e+06	(delta): 0.11491
22 (QN/Block) 	Elapsed: 0.969	Loglikelihood: -1.75844e+06	(delta): 0.0421775
23 (QN/Block) 	Elapsed: 1.007	Loglikelihood: -1.75844e+06	(delta): 0.0144889
24 (QN/Block) 	Elapsed: 0.949	Loglikelihood: -1.75844e+06	(delta): 0.0166383
25 (QN/Block) 	Elapsed: 1.081	Loglikelihood: -1.75844e+06	(delta): 0.00275087
26 (QN/Block) 	Elapsed: 0.931	Loglikelihood: -1.75844e+06	(delta): 0.000259758
27 (QN/Block) 	Elapsed: 1.02	Loglikelihood: -1.75844e+06	(delta): 4.31156e-05
Summary: 
Converged in 27 iterations (29.621 sec)
Loglikelihood: -1758440.047283
Fst divergences between estimated populations: 
	Pop0	Pop1	Pop2	Pop3	Pop4	Pop5	Pop6	
Pop0	
Pop1	0.321	
Pop2	0.201	0.290	
Pop3	0.202	0.290	0.148	
Pop4	0.272	0.100	0.245	0.244	
Pop5	0.390	0.257	0.343	0.340	0.224	
Pop6	0.165	0.253	0.139	0.106	0.207	0.307	
Pop7	0.332	0.351	0.323	0.347	0.296	0.427	0.292	
CV error (K=8): 0.49911
Writing output files.
