****                   ADMIXTURE Version 1.3.0                  ****
****                    Copyright 2008-2015                     ****
****           David Alexander, Suyash Shringarpure,            ****
****                John  Novembre, Ken Lange                   ****
****                                                            ****
****                 Please cite our paper!                     ****
****   Information at www.genetics.ucla.edu/software/admixture  ****

Cross-validation will be performed.  Folds=5.
Random seed: 43
Point estimation method: Block relaxation algorithm
Convergence acceleration algorithm: QuasiNewton, 3 secant conditions
Point estimation will terminate when objective function delta < 0.0001
Estimation of standard errors disabled; will compute point estimates only.
Size of G: 255x9921
Performing five EM steps to prime main algorithm
1 (EM) 	Elapsed: 0.593	Loglikelihood: -2.24975e+06	(delta): 998927
2 (EM) 	Elapsed: 0.724	Loglikelihood: -2.18132e+06	(delta): 68423.8
3 (EM) 	Elapsed: 0.667	Loglikelihood: -2.16485e+06	(delta): 16471.1
4 (EM) 	Elapsed: 0.653	Loglikelihood: -2.15336e+06	(delta): 11490.8
5 (EM) 	Elapsed: 0.683	Loglikelihood: -2.14263e+06	(delta): 10727.6
Initial loglikelihood: -2.14263e+06
Starting main algorithm
1 (QN/Block) 	Elapsed: 1.152	Loglikelihood: -1.83218e+06	(delta): 310455
2 (QN/Block) 	Elapsed: 1.248	Loglikelihood: -1.78531e+06	(delta): 46865
3 (QN/Block) 	Elapsed: 1.356	Loglikelihood: -1.76955e+06	(delta): 15769.2
4 (QN/Block) 	Elapsed: 1.099	Loglikelihood: -1.76188e+06	(delta): 7663.32
5 (QN/Block) 	Elapsed: 1.128	Loglikelihood: -1.75941e+06	(delta): 2476.81
6 (QN/Block) 	Elapsed: 1.125	Loglikelihood: -1.75781e+06	(delta): 1596.9
7 (QN/Block) 	Elapsed: 1.357	Loglikelihood: -1.75679e+06	(delta): 1023.07
8 (QN/Block) 	Elapsed: 1.285	Loglikelihood: -1.75554e+06	(delta): 1240.72
9 (QN/Block) 	Elapsed: 1.419	Loglikelihood: -1.75419e+06	(delta): 1357.22
10 (QN/Block) 	Elapsed: 1.219	Loglikelihood: -1.75175e+06	(delta): 2433.72
11 (QN/Block) 	Elapsed: 1.259	Loglikelihood: -1.74861e+06	(delta): 3142.06
12 (QN/Block) 	Elapsed: 1.221	Loglikelihood: -1.74696e+06	(delta): 1655.65
13 (QN/Block) 	Elapsed: 1.086	Loglikelihood: -1.74643e+06	(delta): 525.391
14 (QN/Block) 	Elapsed: 1.167	Loglikelihood: -1.74621e+06	(delta): 215.945
15 (QN/Block) 	Elapsed: 1.216	Loglikelihood: -1.74614e+06	(delta): 70.5042
16 (QN/Block) 	Elapsed: 1.266	Loglikelihood: -1.7461e+06	(delta): 41.1149
17 (QN/Block) 	Elapsed: 1.164	Loglikelihood: -1.74606e+06	(delta): 42.884
18 (QN/Block) 	Elapsed: 1.095	Loglikelihood: -1.74604e+06	(delta): 22.2932
19 (QN/Block) 	Elapsed: 1.044	Loglikelihood: -1.74602e+06	(delta): 15.4708
20 (QN/Block) 	Elapsed: 1.113	Loglikelihood: -1.74602e+06	(delta): 4.00556
21 (QN/Block) 	Elapsed: 1.13	Loglikelihood: -1.74602e+06	(delta): 2.29484
22 (QN/Block) 	Elapsed: 1.051	Loglikelihood: -1.74602e+06	(delta): 1.15455
23 (QN/Block) 	Elapsed: 1.057	Loglikelihood: -1.74601e+06	(delta): 1.09769
24 (QN/Block) 	Elapsed: 1.029	Loglikelihood: -1.74601e+06	(delta): 1.32628
25 (QN/Block) 	Elapsed: 1.074	Loglikelihood: -1.74601e+06	(delta): 1.20253
26 (QN/Block) 	Elapsed: 1.045	Loglikelihood: -1.74601e+06	(delta): 0.461539
27 (QN/Block) 	Elapsed: 1.072	Loglikelihood: -1.74601e+06	(delta): 0.347932
28 (QN/Block) 	Elapsed: 1.116	Loglikelihood: -1.74601e+06	(delta): 0.275286
29 (QN/Block) 	Elapsed: 1.087	Loglikelihood: -1.74601e+06	(delta): 0.104134
30 (QN/Block) 	Elapsed: 1.142	Loglikelihood: -1.74601e+06	(delta): 0.0514533
31 (QN/Block) 	Elapsed: 1.1	Loglikelihood: -1.74601e+06	(delta): 0.03412
32 (QN/Block) 	Elapsed: 1.054	Loglikelihood: -1.74601e+06	(delta): 0.043234
33 (QN/Block) 	Elapsed: 1.11	Loglikelihood: -1.74601e+06	(delta): 0.0327893
34 (QN/Block) 	Elapsed: 1.088	Loglikelihood: -1.74601e+06	(delta): 0.0198452
35 (QN/Block) 	Elapsed: 1.062	Loglikelihood: -1.74601e+06	(delta): 0.0234236
36 (QN/Block) 	Elapsed: 1.007	Loglikelihood: -1.74601e+06	(delta): 0.00651715
37 (QN/Block) 	Elapsed: 1.079	Loglikelihood: -1.74601e+06	(delta): 0.0023026
38 (QN/Block) 	Elapsed: 1.049	Loglikelihood: -1.74601e+06	(delta): 0.00133406
39 (QN/Block) 	Elapsed: 1.041	Loglikelihood: -1.74601e+06	(delta): 0.00322063
40 (QN/Block) 	Elapsed: 1.023	Loglikelihood: -1.74601e+06	(delta): 0.00180115
41 (QN/Block) 	Elapsed: 1.008	Loglikelihood: -1.74601e+06	(delta): 0.00039721
42 (QN/Block) 	Elapsed: 1.021	Loglikelihood: -1.74601e+06	(delta): 0.000152638
43 (QN/Block) 	Elapsed: 1.006	Loglikelihood: -1.74601e+06	(delta): 0.000112728
44 (QN/Block) 	Elapsed: 1.018	Loglikelihood: -1.74601e+06	(delta): 7.57037e-05
Summary: 
Converged in 44 iterations (54.42 sec)
Loglikelihood: -1746010.107742
Fst divergences between estimated populations: 
	Pop0	Pop1	Pop2	Pop3	Pop4	Pop5	Pop6	Pop7	
Pop0	
Pop1	0.256	
Pop2	0.442	0.367	
Pop3	0.310	0.256	0.311	
Pop4	0.401	0.334	0.372	0.180	
Pop5	0.329	0.277	0.347	0.101	0.169	
Pop6	0.351	0.298	0.346	0.147	0.214	0.136	
Pop7	0.324	0.268	0.318	0.119	0.201	0.116	0.164	
Pop8	0.223	0.100	0.315	0.209	0.285	0.232	0.253	0.221	
CV error (K=9): 0.50195
Writing output files.
